<?xml version="1.0" encoding="UTF-8"?>
<!-- Generated by org.testng.reporters.JUnitReportReporter -->
<testsuite hostname="Navaneeth-PC" failures="0" tests="1" name="placingOrder.EndToEnd" time="6.722" errors="0" timestamp="22 Jun 2022 02:41:56 GMT" skipped="0">
  <testcase classname="placingOrder.EndToEnd" name="test1" time="6.722"/>
</testsuite> <!-- placingOrder.EndToEnd -->
