<?xml version="1.0" encoding="UTF-8"?>
<!-- Generated by org.testng.reporters.JUnitReportReporter -->
<testsuite hostname="Navaneeth-PC" failures="0" tests="1" name="java_practice.ExceptionHandling" time="0.023" errors="0" timestamp="10 Aug 2022 11:58:42 GMT" skipped="0">
  <testcase classname="java_practice.ExceptionHandling" name="test1" time="0.023"/>
</testsuite> <!-- java_practice.ExceptionHandling -->
