<?xml version="1.0" encoding="UTF-8"?>
<!-- Generated by org.testng.reporters.JUnitReportReporter -->
<testsuite hostname="Navaneeth-PC" failures="0" tests="1" name="webDriverConcepts.WindowHanding" time="28.047" errors="0" timestamp="08 Aug 2022 12:57:22 GMT" skipped="0">
  <testcase classname="webDriverConcepts.WindowHanding" name="verifyAddToCart" time="28.047"/>
</testsuite> <!-- webDriverConcepts.WindowHanding -->
