<?xml version="1.0" encoding="UTF-8"?>
<!-- Generated by org.testng.reporters.JUnitReportReporter -->
<testsuite hostname="Navaneeth-PC" failures="0" tests="1" name="java_practice.SuperExample" time="0.016" errors="0" timestamp="07 Aug 2022 04:02:26 GMT" skipped="0">
  <testcase classname="java_practice.SuperExample" name="test1" time="0.016"/>
</testsuite> <!-- java_practice.SuperExample -->
